22-03-30 20:14:11.349 : Params number: 380952
22-03-30 20:14:11.350 : /home/imglab/hsr/submit/RFESR/data/DIV2K_test_LR
22-03-30 20:14:11.350 : /home/imglab/hsr/submit/RFESR/data/DIV2K_test_LR_results
22-03-30 20:14:11.350 : ---1-->   0901.png
22-03-30 20:14:12.019 : ---2-->   0902.png
22-03-30 20:14:12.169 : ---3-->   0903.png
22-03-30 20:14:12.371 : ---4-->   0904.png
22-03-30 20:14:12.565 : ---5-->   0905.png
22-03-30 20:14:12.740 : ---6-->   0906.png
22-03-30 20:14:12.919 : ---7-->   0907.png
22-03-30 20:14:13.123 : ---8-->   0908.png
22-03-30 20:14:13.298 : ---9-->   0909.png
22-03-30 20:14:13.470 : --10-->   0910.png
22-03-30 20:14:13.636 : --11-->   0911.png
22-03-30 20:14:13.804 : --12-->   0912.png
22-03-30 20:14:13.922 : --13-->   0913.png
22-03-30 20:14:14.106 : --14-->   0914.png
22-03-30 20:14:14.243 : --15-->   0915.png
22-03-30 20:14:14.438 : --16-->   0916.png
22-03-30 20:14:14.617 : --17-->   0917.png
22-03-30 20:14:14.796 : --18-->   0918.png
22-03-30 20:14:14.949 : --19-->   0919.png
22-03-30 20:14:15.110 : --20-->   0920.png
22-03-30 20:14:15.290 : --21-->   0921.png
22-03-30 20:14:15.467 : --22-->   0922.png
22-03-30 20:14:15.640 : --23-->   0923.png
22-03-30 20:14:15.842 : --24-->   0924.png
22-03-30 20:14:16.012 : --25-->   0925.png
22-03-30 20:14:16.190 : --26-->   0926.png
22-03-30 20:14:16.289 : --27-->   0927.png
22-03-30 20:14:16.412 : --28-->   0928.png
22-03-30 20:14:16.580 : --29-->   0929.png
22-03-30 20:14:16.737 : --30-->   0930.png
22-03-30 20:14:16.885 : --31-->   0931.png
22-03-30 20:14:17.044 : --32-->   0932.png
22-03-30 20:14:17.211 : --33-->   0933.png
22-03-30 20:14:17.339 : --34-->   0934.png
22-03-30 20:14:17.500 : --35-->   0935.png
22-03-30 20:14:17.666 : --36-->   0936.png
22-03-30 20:14:17.842 : --37-->   0937.png
22-03-30 20:14:17.980 : --38-->   0938.png
22-03-30 20:14:18.149 : --39-->   0939.png
22-03-30 20:14:18.312 : --40-->   0940.png
22-03-30 20:14:18.465 : --41-->   0941.png
22-03-30 20:14:18.656 : --42-->   0942.png
22-03-30 20:14:18.828 : --43-->   0943.png
22-03-30 20:14:18.996 : --44-->   0944.png
22-03-30 20:14:19.219 : --45-->   0945.png
22-03-30 20:14:19.444 : --46-->   0946.png
22-03-30 20:14:19.641 : --47-->   0947.png
22-03-30 20:14:19.785 : --48-->   0948.png
22-03-30 20:14:19.987 : --49-->   0949.png
22-03-30 20:14:20.139 : --50-->   0950.png
22-03-30 20:14:20.310 : --51-->   0951.png
22-03-30 20:14:20.479 : --52-->   0952.png
22-03-30 20:14:20.641 : --53-->   0953.png
22-03-30 20:14:20.807 : --54-->   0954.png
22-03-30 20:14:20.982 : --55-->   0955.png
22-03-30 20:14:21.145 : --56-->   0956.png
22-03-30 20:14:21.332 : --57-->   0957.png
22-03-30 20:14:21.527 : --58-->   0958.png
22-03-30 20:14:21.699 : --59-->   0959.png
22-03-30 20:14:21.852 : --60-->   0960.png
22-03-30 20:14:22.049 : --61-->   0961.png
22-03-30 20:14:22.212 : --62-->   0962.png
22-03-30 20:14:22.358 : --63-->   0963.png
22-03-30 20:14:22.522 : --64-->   0964.png
22-03-30 20:14:22.657 : --65-->   0965.png
22-03-30 20:14:22.824 : --66-->   0966.png
22-03-30 20:14:22.991 : --67-->   0967.png
22-03-30 20:14:23.138 : --68-->   0968.png
22-03-30 20:14:23.294 : --69-->   0969.png
22-03-30 20:14:23.418 : --70-->   0970.png
22-03-30 20:14:23.577 : --71-->   0971.png
22-03-30 20:14:23.736 : --72-->   0972.png
22-03-30 20:14:23.906 : --73-->   0973.png
22-03-30 20:14:24.075 : --74-->   0974.png
22-03-30 20:14:24.219 : --75-->   0975.png
22-03-30 20:14:24.393 : --76-->   0976.png
22-03-30 20:14:24.561 : --77-->   0977.png
22-03-30 20:14:24.741 : --78-->   0978.png
22-03-30 20:14:24.897 : --79-->   0979.png
22-03-30 20:14:25.064 : --80-->   0980.png
22-03-30 20:14:25.239 : --81-->   0981.png
22-03-30 20:14:25.507 : --82-->   0982.png
22-03-30 20:14:25.680 : --83-->   0983.png
22-03-30 20:14:25.866 : --84-->   0984.png
22-03-30 20:14:26.012 : --85-->   0985.png
22-03-30 20:14:26.222 : --86-->   0986.png
22-03-30 20:14:26.419 : --87-->   0987.png
22-03-30 20:14:26.614 : --88-->   0988.png
22-03-30 20:14:26.808 : --89-->   0989.png
22-03-30 20:14:26.979 : --90-->   0990.png
22-03-30 20:14:27.150 : --91-->   0991.png
22-03-30 20:14:27.360 : --92-->   0992.png
22-03-30 20:14:27.525 : --93-->   0993.png
22-03-30 20:14:27.664 : --94-->   0994.png
22-03-30 20:14:27.838 : --95-->   0995.png
22-03-30 20:14:28.016 : --96-->   0996.png
22-03-30 20:14:28.200 : --97-->   0997.png
22-03-30 20:14:28.354 : --98-->   0998.png
22-03-30 20:14:28.521 : --99-->   0999.png
22-03-30 20:14:28.697 : -100-->   1000.png
22-03-30 20:14:28.895 : ------> Average runtime of (/home/imglab/hsr/submit/RFESR/data/DIV2K_test_LR) is : 0.033070 seconds
22-03-30 20:14:46.678 : Params number: 380952
22-03-30 20:14:46.678 : /home/imglab/hsr/submit/RFESR/data/DIV2K_test_LR
22-03-30 20:14:46.682 : /home/imglab/hsr/submit/RFESR/data/DIV2K_test_LR_results
22-03-30 20:14:46.682 : ---1-->   0901.png
22-03-30 20:14:47.384 : ---2-->   0902.png
22-03-30 20:14:47.536 : ---3-->   0903.png
22-03-30 20:14:47.747 : ---4-->   0904.png
22-03-30 20:14:47.941 : ---5-->   0905.png
22-03-30 20:14:48.115 : ---6-->   0906.png
22-03-30 20:14:48.300 : ---7-->   0907.png
22-03-30 20:14:48.506 : ---8-->   0908.png
22-03-30 20:14:48.683 : ---9-->   0909.png
22-03-30 20:14:48.864 : --10-->   0910.png
22-03-30 20:14:49.030 : --11-->   0911.png
22-03-30 20:14:49.208 : --12-->   0912.png
22-03-30 20:14:49.374 : --13-->   0913.png
22-03-30 20:14:49.554 : --14-->   0914.png
22-03-30 20:14:49.736 : --15-->   0915.png
22-03-30 20:14:49.917 : --16-->   0916.png
22-03-30 20:14:50.088 : --17-->   0917.png
22-03-30 20:14:50.279 : --18-->   0918.png
22-03-30 20:14:50.463 : --19-->   0919.png
22-03-30 20:14:50.645 : --20-->   0920.png
22-03-30 20:14:50.839 : --21-->   0921.png
22-03-30 20:14:51.026 : --22-->   0922.png
22-03-30 20:14:51.216 : --23-->   0923.png
22-03-30 20:14:51.454 : --24-->   0924.png
22-03-30 20:14:51.632 : --25-->   0925.png
22-03-30 20:14:51.829 : --26-->   0926.png
22-03-30 20:14:51.931 : --27-->   0927.png
22-03-30 20:14:52.051 : --28-->   0928.png
22-03-30 20:14:52.219 : --29-->   0929.png
22-03-30 20:14:52.386 : --30-->   0930.png
22-03-30 20:14:52.553 : --31-->   0931.png
22-03-30 20:14:52.729 : --32-->   0932.png
22-03-30 20:14:52.913 : --33-->   0933.png
22-03-30 20:14:53.057 : --34-->   0934.png
22-03-30 20:14:53.256 : --35-->   0935.png
22-03-30 20:14:53.433 : --36-->   0936.png
22-03-30 20:14:53.624 : --37-->   0937.png
22-03-30 20:14:53.770 : --38-->   0938.png
22-03-30 20:14:53.935 : --39-->   0939.png
22-03-30 20:14:54.095 : --40-->   0940.png
22-03-30 20:14:54.241 : --41-->   0941.png
22-03-30 20:14:54.417 : --42-->   0942.png
22-03-30 20:14:54.575 : --43-->   0943.png
22-03-30 20:14:54.750 : --44-->   0944.png
22-03-30 20:14:54.902 : --45-->   0945.png
22-03-30 20:14:55.112 : --46-->   0946.png
22-03-30 20:14:55.284 : --47-->   0947.png
22-03-30 20:14:55.435 : --48-->   0948.png
22-03-30 20:14:55.612 : --49-->   0949.png
22-03-30 20:14:55.765 : --50-->   0950.png
22-03-30 20:14:55.947 : --51-->   0951.png
22-03-30 20:14:56.135 : --52-->   0952.png
22-03-30 20:14:56.306 : --53-->   0953.png
22-03-30 20:14:56.488 : --54-->   0954.png
22-03-30 20:14:56.672 : --55-->   0955.png
22-03-30 20:14:56.875 : --56-->   0956.png
22-03-30 20:14:57.062 : --57-->   0957.png
22-03-30 20:14:57.253 : --58-->   0958.png
22-03-30 20:14:57.432 : --59-->   0959.png
22-03-30 20:14:57.611 : --60-->   0960.png
22-03-30 20:14:57.845 : --61-->   0961.png
22-03-30 20:14:58.034 : --62-->   0962.png
22-03-30 20:14:58.187 : --63-->   0963.png
22-03-30 20:14:58.367 : --64-->   0964.png
22-03-30 20:14:58.535 : --65-->   0965.png
22-03-30 20:14:58.726 : --66-->   0966.png
22-03-30 20:14:58.912 : --67-->   0967.png
22-03-30 20:14:59.078 : --68-->   0968.png
22-03-30 20:14:59.252 : --69-->   0969.png
22-03-30 20:14:59.386 : --70-->   0970.png
22-03-30 20:14:59.558 : --71-->   0971.png
22-03-30 20:14:59.722 : --72-->   0972.png
22-03-30 20:14:59.911 : --73-->   0973.png
22-03-30 20:15:00.106 : --74-->   0974.png
22-03-30 20:15:00.264 : --75-->   0975.png
22-03-30 20:15:00.448 : --76-->   0976.png
22-03-30 20:15:00.630 : --77-->   0977.png
22-03-30 20:15:00.822 : --78-->   0978.png
22-03-30 20:15:00.986 : --79-->   0979.png
22-03-30 20:15:01.162 : --80-->   0980.png
22-03-30 20:15:01.345 : --81-->   0981.png
22-03-30 20:15:01.615 : --82-->   0982.png
22-03-30 20:15:01.784 : --83-->   0983.png
22-03-30 20:15:01.972 : --84-->   0984.png
22-03-30 20:15:02.128 : --85-->   0985.png
22-03-30 20:15:02.318 : --86-->   0986.png
22-03-30 20:15:02.528 : --87-->   0987.png
22-03-30 20:15:02.703 : --88-->   0988.png
22-03-30 20:15:02.890 : --89-->   0989.png
22-03-30 20:15:03.074 : --90-->   0990.png
22-03-30 20:15:03.259 : --91-->   0991.png
22-03-30 20:15:03.495 : --92-->   0992.png
22-03-30 20:15:03.678 : --93-->   0993.png
22-03-30 20:15:03.821 : --94-->   0994.png
22-03-30 20:15:03.997 : --95-->   0995.png
22-03-30 20:15:04.190 : --96-->   0996.png
22-03-30 20:15:04.374 : --97-->   0997.png
22-03-30 20:15:04.523 : --98-->   0998.png
22-03-30 20:15:04.711 : --99-->   0999.png
22-03-30 20:15:04.905 : -100-->   1000.png
22-03-30 20:15:05.103 : ------> Average runtime of (/home/imglab/hsr/submit/RFESR/data/DIV2K_test_LR) is : 0.033811 seconds
22-03-30 20:16:15.802 : Params number: 380952
22-03-30 20:16:15.802 : /home/imglab/hsr/submit/RFESR/data/DIV2K_test_LR
22-03-30 20:16:15.802 : /home/imglab/hsr/submit/RFESR/data/DIV2K_test_LR_results
22-03-30 20:16:15.803 : ---1-->   0901.png
22-03-30 20:16:16.494 : ---2-->   0902.png
22-03-30 20:16:16.644 : ---3-->   0903.png
22-03-30 20:16:16.855 : ---4-->   0904.png
22-03-30 20:16:17.050 : ---5-->   0905.png
22-03-30 20:16:17.238 : ---6-->   0906.png
22-03-30 20:16:17.416 : ---7-->   0907.png
22-03-30 20:16:17.631 : ---8-->   0908.png
22-03-30 20:16:17.815 : ---9-->   0909.png
22-03-30 20:16:17.988 : --10-->   0910.png
22-03-30 20:16:18.160 : --11-->   0911.png
22-03-30 20:16:18.326 : --12-->   0912.png
22-03-30 20:16:18.465 : --13-->   0913.png
22-03-30 20:16:18.639 : --14-->   0914.png
22-03-30 20:16:18.779 : --15-->   0915.png
22-03-30 20:16:18.978 : --16-->   0916.png
22-03-30 20:16:19.140 : --17-->   0917.png
22-03-30 20:16:19.314 : --18-->   0918.png
22-03-30 20:16:19.468 : --19-->   0919.png
22-03-30 20:16:19.631 : --20-->   0920.png
22-03-30 20:16:19.843 : --21-->   0921.png
22-03-30 20:16:20.019 : --22-->   0922.png
22-03-30 20:16:20.198 : --23-->   0923.png
22-03-30 20:16:20.396 : --24-->   0924.png
22-03-30 20:16:20.568 : --25-->   0925.png
22-03-30 20:16:20.759 : --26-->   0926.png
22-03-30 20:16:20.860 : --27-->   0927.png
22-03-30 20:16:20.981 : --28-->   0928.png
22-03-30 20:16:21.146 : --29-->   0929.png
22-03-30 20:16:21.315 : --30-->   0930.png
22-03-30 20:16:21.479 : --31-->   0931.png
22-03-30 20:16:21.655 : --32-->   0932.png
22-03-30 20:16:21.839 : --33-->   0933.png
22-03-30 20:16:21.982 : --34-->   0934.png
22-03-30 20:16:22.157 : --35-->   0935.png
22-03-30 20:16:22.341 : --36-->   0936.png
22-03-30 20:16:22.533 : --37-->   0937.png
22-03-30 20:16:22.681 : --38-->   0938.png
22-03-30 20:16:22.863 : --39-->   0939.png
22-03-30 20:16:23.047 : --40-->   0940.png
22-03-30 20:16:23.210 : --41-->   0941.png
22-03-30 20:16:23.402 : --42-->   0942.png
22-03-30 20:16:23.568 : --43-->   0943.png
22-03-30 20:16:23.771 : --44-->   0944.png
22-03-30 20:16:23.949 : --45-->   0945.png
22-03-30 20:16:24.159 : --46-->   0946.png
22-03-30 20:16:24.334 : --47-->   0947.png
22-03-30 20:16:24.500 : --48-->   0948.png
22-03-30 20:16:24.678 : --49-->   0949.png
22-03-30 20:16:24.831 : --50-->   0950.png
22-03-30 20:16:25.013 : --51-->   0951.png
22-03-30 20:16:25.194 : --52-->   0952.png
22-03-30 20:16:25.369 : --53-->   0953.png
22-03-30 20:16:25.545 : --54-->   0954.png
22-03-30 20:16:25.726 : --55-->   0955.png
22-03-30 20:16:25.904 : --56-->   0956.png
22-03-30 20:16:26.093 : --57-->   0957.png
22-03-30 20:16:26.295 : --58-->   0958.png
22-03-30 20:16:26.471 : --59-->   0959.png
22-03-30 20:16:26.684 : --60-->   0960.png
22-03-30 20:16:26.898 : --61-->   0961.png
22-03-30 20:16:27.071 : --62-->   0962.png
22-03-30 20:16:27.231 : --63-->   0963.png
22-03-30 20:16:27.410 : --64-->   0964.png
22-03-30 20:16:27.562 : --65-->   0965.png
22-03-30 20:16:27.722 : --66-->   0966.png
22-03-30 20:16:27.901 : --67-->   0967.png
22-03-30 20:16:28.097 : --68-->   0968.png
22-03-30 20:16:28.283 : --69-->   0969.png
22-03-30 20:16:28.418 : --70-->   0970.png
22-03-30 20:16:28.580 : --71-->   0971.png
22-03-30 20:16:28.742 : --72-->   0972.png
22-03-30 20:16:28.933 : --73-->   0973.png
22-03-30 20:16:29.122 : --74-->   0974.png
22-03-30 20:16:29.279 : --75-->   0975.png
22-03-30 20:16:29.452 : --76-->   0976.png
22-03-30 20:16:29.638 : --77-->   0977.png
22-03-30 20:16:29.830 : --78-->   0978.png
22-03-30 20:16:29.997 : --79-->   0979.png
22-03-30 20:16:30.176 : --80-->   0980.png
22-03-30 20:16:30.359 : --81-->   0981.png
22-03-30 20:16:30.628 : --82-->   0982.png
22-03-30 20:16:30.799 : --83-->   0983.png
22-03-30 20:16:30.984 : --84-->   0984.png
22-03-30 20:16:31.139 : --85-->   0985.png
22-03-30 20:16:31.307 : --86-->   0986.png
22-03-30 20:16:31.520 : --87-->   0987.png
22-03-30 20:16:31.687 : --88-->   0988.png
22-03-30 20:16:31.892 : --89-->   0989.png
22-03-30 20:16:32.078 : --90-->   0990.png
22-03-30 20:16:32.263 : --91-->   0991.png
22-03-30 20:16:32.516 : --92-->   0992.png
22-03-30 20:16:32.706 : --93-->   0993.png
22-03-30 20:16:32.850 : --94-->   0994.png
22-03-30 20:16:33.021 : --95-->   0995.png
22-03-30 20:16:33.209 : --96-->   0996.png
22-03-30 20:16:33.392 : --97-->   0997.png
22-03-30 20:16:33.546 : --98-->   0998.png
22-03-30 20:16:33.720 : --99-->   0999.png
22-03-30 20:16:33.905 : -100-->   1000.png
22-03-30 20:16:34.098 : ------> Average runtime of (/home/imglab/hsr/submit/RFESR/data/DIV2K_test_LR) is : 0.033138 seconds
